This file contains any messages produced by compilers while
running configure, to aid debugging if configure makes a mistake.

It was created by Verus configure 1.0, which was
generated by GNU Autoconf 2.69.  Invocation command line was

  $ ./configure 

## --------- ##
## Platform. ##
## --------- ##

hostname = aduae350-lap
uname -m = x86_64
uname -r = 4.19.0-041900-generic
uname -s = Linux
uname -v = #201810221809 SMP Mon Oct 22 22:11:45 UTC 2018

/usr/bin/uname -p = unknown
/bin/uname -X     = unknown

/bin/arch              = unknown
/usr/bin/arch -k       = unknown
/usr/convex/getsysinfo = unknown
/usr/bin/hostinfo      = unknown
/bin/machine           = unknown
/usr/bin/oslevel       = unknown
/bin/universe          = unknown

PATH: /home/cuda/.nvm/versions/node/v10.16.3/bin
PATH: /home/cuda/.local/bin
PATH: /usr/local/sbin
PATH: /usr/local/bin
PATH: /usr/sbin
PATH: /usr/bin
PATH: /sbin
PATH: /bin
PATH: /usr/games
PATH: /usr/local/games
PATH: /snap/bin
PATH: /usr/lib/jvm/java-8-oracle/bin
PATH: /usr/lib/jvm/java-8-oracle/db/bin
PATH: /usr/lib/jvm/java-8-oracle/jre/bin


## ----------- ##
## Core tests. ##
## ----------- ##

configure:2336: checking for a BSD-compatible install
configure:2404: result: /usr/bin/install -c
configure:2415: checking whether build environment is sane
configure:2470: result: yes
configure:2619: checking for a thread-safe mkdir -p
configure:2658: result: /bin/mkdir -p
configure:2665: checking for gawk
configure:2681: found /usr/bin/gawk
configure:2692: result: gawk
configure:2703: checking whether make sets $(MAKE)
configure:2725: result: yes
configure:2754: checking whether make supports nested variables
configure:2771: result: yes
configure:2967: checking for g++
configure:2983: found /usr/bin/g++
configure:2994: result: g++
configure:3021: checking for C++ compiler version
configure:3030: g++ --version >&5
g++ (Ubuntu 9.3.0-17ubuntu1~20.04) 9.3.0
Copyright (C) 2019 Free Software Foundation, Inc.
This is free software; see the source for copying conditions.  There is NO
warranty; not even for MERCHANTABILITY or FITNESS FOR A PARTICULAR PURPOSE.

configure:3041: $? = 0
configure:3030: g++ -v >&5
Using built-in specs.
COLLECT_GCC=g++
COLLECT_LTO_WRAPPER=/usr/lib/gcc/x86_64-linux-gnu/9/lto-wrapper
OFFLOAD_TARGET_NAMES=nvptx-none:hsa
OFFLOAD_TARGET_DEFAULT=1
Target: x86_64-linux-gnu
Configured with: ../src/configure -v --with-pkgversion='Ubuntu 9.3.0-17ubuntu1~20.04' --with-bugurl=file:///usr/share/doc/gcc-9/README.Bugs --enable-languages=c,ada,c++,go,brig,d,fortran,objc,obj-c++,gm2 --prefix=/usr --with-gcc-major-version-only --program-suffix=-9 --program-prefix=x86_64-linux-gnu- --enable-shared --enable-linker-build-id --libexecdir=/usr/lib --without-included-gettext --enable-threads=posix --libdir=/usr/lib --enable-nls --enable-clocale=gnu --enable-libstdcxx-debug --enable-libstdcxx-time=yes --with-default-libstdcxx-abi=new --enable-gnu-unique-object --disable-vtable-verify --enable-plugin --enable-default-pie --with-system-zlib --with-target-system-zlib=auto --enable-objc-gc=auto --enable-multiarch --disable-werror --with-arch-32=i686 --with-abi=m64 --with-multilib-list=m32,m64,mx32 --enable-multilib --with-tune=generic --enable-offload-targets=nvptx-none=/build/gcc-9-HskZEa/gcc-9-9.3.0/debian/tmp-nvptx/usr,hsa --without-cuda-driver --enable-checking=release --build=x86_64-linux-gnu --host=x86_64-linux-gnu --target=x86_64-linux-gnu
Thread model: posix
gcc version 9.3.0 (Ubuntu 9.3.0-17ubuntu1~20.04) 
configure:3041: $? = 0
configure:3030: g++ -V >&5
g++: error: unrecognized command line option '-V'
g++: fatal error: no input files
compilation terminated.
configure:3041: $? = 1
configure:3030: g++ -qversion >&5
g++: error: unrecognized command line option '-qversion'; did you mean '--version'?
g++: fatal error: no input files
compilation terminated.
configure:3041: $? = 1
configure:3061: checking whether the C++ compiler works
configure:3083: g++    conftest.cpp  >&5
configure:3087: $? = 0
configure:3135: result: yes
configure:3138: checking for C++ compiler default output file name
configure:3140: result: a.out
configure:3146: checking for suffix of executables
configure:3153: g++ -o conftest    conftest.cpp  >&5
configure:3157: $? = 0
configure:3179: result: 
configure:3201: checking whether we are cross compiling
configure:3209: g++ -o conftest    conftest.cpp  >&5
configure:3213: $? = 0
configure:3220: ./conftest
configure:3224: $? = 0
configure:3212: result: no
configure:3217: checking for suffix of object files
configure:3239: g++ -c   conftest.cpp >&5
configure:3243: $? = 0
configure:3264: result: o
configure:3268: checking whether we are using the GNU C++ compiler
configure:3287: g++ -c   conftest.cpp >&5
configure:3287: $? = 0
configure:3296: result: yes
configure:3305: checking whether g++ accepts -g
configure:3325: g++ -c -g  conftest.cpp >&5
configure:3325: $? = 0
configure:3366: result: yes
configure:3392: checking whether make supports the include directive
configure:3407: make -f confmf.GNU && cat confinc.out
this is the am__doit target
configure:3410: $? = 0
configure:3429: result: yes (GNU style)
configure:3454: checking dependency style of g++
configure:3565: result: gcc3
configure:3628: checking for gcc
configure:3644: found /usr/bin/gcc
configure:3655: result: gcc
configure:3884: checking for C compiler version
configure:3893: gcc --version >&5
gcc (Ubuntu 9.3.0-17ubuntu1~20.04) 9.3.0
Copyright (C) 2019 Free Software Foundation, Inc.
This is free software; see the source for copying conditions.  There is NO
warranty; not even for MERCHANTABILITY or FITNESS FOR A PARTICULAR PURPOSE.

configure:3904: $? = 0
configure:3893: gcc -v >&5
Using built-in specs.
COLLECT_GCC=gcc
COLLECT_LTO_WRAPPER=/usr/lib/gcc/x86_64-linux-gnu/9/lto-wrapper
OFFLOAD_TARGET_NAMES=nvptx-none:hsa
OFFLOAD_TARGET_DEFAULT=1
Target: x86_64-linux-gnu
Configured with: ../src/configure -v --with-pkgversion='Ubuntu 9.3.0-17ubuntu1~20.04' --with-bugurl=file:///usr/share/doc/gcc-9/README.Bugs --enable-languages=c,ada,c++,go,brig,d,fortran,objc,obj-c++,gm2 --prefix=/usr --with-gcc-major-version-only --program-suffix=-9 --program-prefix=x86_64-linux-gnu- --enable-shared --enable-linker-build-id --libexecdir=/usr/lib --without-included-gettext --enable-threads=posix --libdir=/usr/lib --enable-nls --enable-clocale=gnu --enable-libstdcxx-debug --enable-libstdcxx-time=yes --with-default-libstdcxx-abi=new --enable-gnu-unique-object --disable-vtable-verify --enable-plugin --enable-default-pie --with-system-zlib --with-target-system-zlib=auto --enable-objc-gc=auto --enable-multiarch --disable-werror --with-arch-32=i686 --with-abi=m64 --with-multilib-list=m32,m64,mx32 --enable-multilib --with-tune=generic --enable-offload-targets=nvptx-none=/build/gcc-9-HskZEa/gcc-9-9.3.0/debian/tmp-nvptx/usr,hsa --without-cuda-driver --enable-checking=release --build=x86_64-linux-gnu --host=x86_64-linux-gnu --target=x86_64-linux-gnu
Thread model: posix
gcc version 9.3.0 (Ubuntu 9.3.0-17ubuntu1~20.04) 
configure:3904: $? = 0
configure:3893: gcc -V >&5
gcc: error: unrecognized command line option '-V'
gcc: fatal error: no input files
compilation terminated.
configure:3904: $? = 1
configure:3893: gcc -qversion >&5
gcc: error: unrecognized command line option '-qversion'; did you mean '--version'?
gcc: fatal error: no input files
compilation terminated.
configure:3904: $? = 1
configure:3908: checking whether we are using the GNU C compiler
configure:3927: gcc -c   conftest.c >&5
configure:3927: $? = 0
configure:3936: result: yes
configure:3945: checking whether gcc accepts -g
configure:3965: gcc -c -g  conftest.c >&5
configure:3965: $? = 0
configure:4006: result: yes
configure:4023: checking for gcc option to accept ISO C89
configure:4086: gcc  -c -g -O2  conftest.c >&5
configure:4086: $? = 0
configure:4099: result: none needed
configure:4124: checking whether gcc understands -c and -o together
configure:4146: gcc -c conftest.c -o conftest2.o
configure:4149: $? = 0
configure:4146: gcc -c conftest.c -o conftest2.o
configure:4149: $? = 0
configure:4161: result: yes
configure:4180: checking dependency style of gcc
configure:4291: result: gcc3
configure:4313: checking build system type
configure:4327: result: x86_64-pc-linux-gnu
configure:4347: checking host system type
configure:4360: result: x86_64-pc-linux-gnu
configure:4429: checking for boostlib >= 1.54
configure:4512: g++ -c -g -O2  -I/usr/include conftest.cpp >&5
configure:4512: $? = 0
configure:4514: result: yes
configure:4701: checking whether the Boost::System library is available
configure:4725: g++ -c -g -O2  -I/usr/include conftest.cpp >&5
configure:4725: $? = 0
configure:4740: result: yes
configure:4755: checking for exit in -lboost_system
configure:4780: g++ -o conftest -g -O2  -I/usr/include  -L/usr/lib/x86_64-linux-gnu conftest.cpp -lboost_system   >&5
conftest.cpp:20:6: warning: declaration of 'char exit()' conflicts with built-in declaration 'void exit(int)' [-Wbuiltin-declaration-mismatch]
   20 | char exit ();
      |      ^~~~
configure:4780: $? = 0
configure:4790: result: yes
configure:4910: checking for pthread_mutex_init in -lpthread
configure:4935: g++ -o conftest -g -O2   conftest.cpp -lpthread   >&5
configure:4935: $? = 0
configure:4944: result: yes
configure:4983: checking how to run the C++ preprocessor
configure:5010: g++ -E  conftest.cpp
configure:5010: $? = 0
configure:5024: g++ -E  conftest.cpp
conftest.cpp:14:10: fatal error: ac_nonexistent.h: No such file or directory
   14 | #include <ac_nonexistent.h>
      |          ^~~~~~~~~~~~~~~~~~
compilation terminated.
configure:5024: $? = 1
configure: failed program was:
| /* confdefs.h */
| #define PACKAGE_NAME "Verus"
| #define PACKAGE_TARNAME "verus"
| #define PACKAGE_VERSION "1.0"
| #define PACKAGE_STRING "Verus 1.0"
| #define PACKAGE_BUGREPORT "yasir.zaki@nyu.edu"
| #define PACKAGE_URL ""
| #define PACKAGE "verus"
| #define VERSION "1.0"
| #define HAVE_BOOST /**/
| #define HAVE_BOOST_SYSTEM /**/
| #define HAVE_LIBPTHREAD 1
| /* end confdefs.h.  */
| #include <ac_nonexistent.h>
configure:5049: result: g++ -E
configure:5069: g++ -E  conftest.cpp
configure:5069: $? = 0
configure:5083: g++ -E  conftest.cpp
conftest.cpp:14:10: fatal error: ac_nonexistent.h: No such file or directory
   14 | #include <ac_nonexistent.h>
      |          ^~~~~~~~~~~~~~~~~~
compilation terminated.
configure:5083: $? = 1
configure: failed program was:
| /* confdefs.h */
| #define PACKAGE_NAME "Verus"
| #define PACKAGE_TARNAME "verus"
| #define PACKAGE_VERSION "1.0"
| #define PACKAGE_STRING "Verus 1.0"
| #define PACKAGE_BUGREPORT "yasir.zaki@nyu.edu"
| #define PACKAGE_URL ""
| #define PACKAGE "verus"
| #define VERSION "1.0"
| #define HAVE_BOOST /**/
| #define HAVE_BOOST_SYSTEM /**/
| #define HAVE_LIBPTHREAD 1
| /* end confdefs.h.  */
| #include <ac_nonexistent.h>
configure:5112: checking for grep that handles long lines and -e
configure:5170: result: /bin/grep
configure:5175: checking for egrep
configure:5237: result: /bin/grep -E
configure:5242: checking for ANSI C header files
configure:5262: g++ -c -g -O2  conftest.cpp >&5
configure:5262: $? = 0
configure:5335: g++ -o conftest -g -O2   conftest.cpp -lpthread  >&5
configure:5335: $? = 0
configure:5335: ./conftest
configure:5335: $? = 0
configure:5346: result: yes
configure:5359: checking for sys/types.h
configure:5359: g++ -c -g -O2  conftest.cpp >&5
configure:5359: $? = 0
configure:5359: result: yes
configure:5359: checking for sys/stat.h
configure:5359: g++ -c -g -O2  conftest.cpp >&5
configure:5359: $? = 0
configure:5359: result: yes
configure:5359: checking for stdlib.h
configure:5359: g++ -c -g -O2  conftest.cpp >&5
configure:5359: $? = 0
configure:5359: result: yes
configure:5359: checking for string.h
configure:5359: g++ -c -g -O2  conftest.cpp >&5
configure:5359: $? = 0
configure:5359: result: yes
configure:5359: checking for memory.h
configure:5359: g++ -c -g -O2  conftest.cpp >&5
configure:5359: $? = 0
configure:5359: result: yes
configure:5359: checking for strings.h
configure:5359: g++ -c -g -O2  conftest.cpp >&5
configure:5359: $? = 0
configure:5359: result: yes
configure:5359: checking for inttypes.h
configure:5359: g++ -c -g -O2  conftest.cpp >&5
configure:5359: $? = 0
configure:5359: result: yes
configure:5359: checking for stdint.h
configure:5359: g++ -c -g -O2  conftest.cpp >&5
configure:5359: $? = 0
configure:5359: result: yes
configure:5359: checking for unistd.h
configure:5359: g++ -c -g -O2  conftest.cpp >&5
configure:5359: $? = 0
configure:5359: result: yes
configure:5374: checking arpa/inet.h usability
configure:5374: g++ -c -g -O2  conftest.cpp >&5
configure:5374: $? = 0
configure:5374: result: yes
configure:5374: checking arpa/inet.h presence
configure:5374: g++ -E  conftest.cpp
configure:5374: $? = 0
configure:5374: result: yes
configure:5374: checking for arpa/inet.h
configure:5374: result: yes
configure:5374: checking netinet/in.h usability
configure:5374: g++ -c -g -O2  conftest.cpp >&5
configure:5374: $? = 0
configure:5374: result: yes
configure:5374: checking netinet/in.h presence
configure:5374: g++ -E  conftest.cpp
configure:5374: $? = 0
configure:5374: result: yes
configure:5374: checking for netinet/in.h
configure:5374: result: yes
configure:5374: checking for stdlib.h
configure:5374: result: yes
configure:5374: checking for string.h
configure:5374: result: yes
configure:5374: checking sys/socket.h usability
configure:5374: g++ -c -g -O2  conftest.cpp >&5
configure:5374: $? = 0
configure:5374: result: yes
configure:5374: checking sys/socket.h presence
configure:5374: g++ -E  conftest.cpp
configure:5374: $? = 0
configure:5374: result: yes
configure:5374: checking for sys/socket.h
configure:5374: result: yes
configure:5374: checking sys/time.h usability
configure:5374: g++ -c -g -O2  conftest.cpp >&5
configure:5374: $? = 0
configure:5374: result: yes
configure:5374: checking sys/time.h presence
configure:5374: g++ -E  conftest.cpp
configure:5374: $? = 0
configure:5374: result: yes
configure:5374: checking for sys/time.h
configure:5374: result: yes
configure:5374: checking for unistd.h
configure:5374: result: yes
configure:5386: checking for stdbool.h that conforms to C99
configure:5453: g++ -c -g -O2  conftest.cpp >&5
conftest.cpp:34:15: error: expected unqualified-id before string constant
   34 |               "error: bool is not defined"
      |               ^~~~~~~~~~~~~~~~~~~~~~~~~~~~
conftest.cpp:52:48: error: 's' does not name a type
   52 |              struct s { _Bool s: 1; _Bool t; } s;
      |                                                ^
conftest.cpp:62:28: error: 's' was not declared in this scope
   62 |              char i[sizeof s.t];
      |                            ^
conftest.cpp: In function 'int main()':
conftest.cpp:80:24: error: 's' was not declared in this scope
   80 |              bool e = &s;
      |                        ^
conftest.cpp:84:63: error: 'i' was not declared in this scope
   84 |              return (!a + !b + !c + !d + !e + !f + !g + !h + !i + !!j + !k + !!l
      |                                                               ^
configure:5453: $? = 1
configure: failed program was:
| /* confdefs.h */
| #define PACKAGE_NAME "Verus"
| #define PACKAGE_TARNAME "verus"
| #define PACKAGE_VERSION "1.0"
| #define PACKAGE_STRING "Verus 1.0"
| #define PACKAGE_BUGREPORT "yasir.zaki@nyu.edu"
| #define PACKAGE_URL ""
| #define PACKAGE "verus"
| #define VERSION "1.0"
| #define HAVE_BOOST /**/
| #define HAVE_BOOST_SYSTEM /**/
| #define HAVE_LIBPTHREAD 1
| #define STDC_HEADERS 1
| #define HAVE_SYS_TYPES_H 1
| #define HAVE_SYS_STAT_H 1
| #define HAVE_STDLIB_H 1
| #define HAVE_STRING_H 1
| #define HAVE_MEMORY_H 1
| #define HAVE_STRINGS_H 1
| #define HAVE_INTTYPES_H 1
| #define HAVE_STDINT_H 1
| #define HAVE_UNISTD_H 1
| #define HAVE_ARPA_INET_H 1
| #define HAVE_NETINET_IN_H 1
| #define HAVE_STDLIB_H 1
| #define HAVE_STRING_H 1
| #define HAVE_SYS_SOCKET_H 1
| #define HAVE_SYS_TIME_H 1
| #define HAVE_UNISTD_H 1
| /* end confdefs.h.  */
| 
|              #include <stdbool.h>
|              #ifndef bool
|               "error: bool is not defined"
|              #endif
|              #ifndef false
|               "error: false is not defined"
|              #endif
|              #if false
|               "error: false is not 0"
|              #endif
|              #ifndef true
|               "error: true is not defined"
|              #endif
|              #if true != 1
|               "error: true is not 1"
|              #endif
|              #ifndef __bool_true_false_are_defined
|               "error: __bool_true_false_are_defined is not defined"
|              #endif
| 
|              struct s { _Bool s: 1; _Bool t; } s;
| 
|              char a[true == 1 ? 1 : -1];
|              char b[false == 0 ? 1 : -1];
|              char c[__bool_true_false_are_defined == 1 ? 1 : -1];
|              char d[(bool) 0.5 == true ? 1 : -1];
|              /* See body of main program for 'e'.  */
|              char f[(_Bool) 0.0 == false ? 1 : -1];
|              char g[true];
|              char h[sizeof (_Bool)];
|              char i[sizeof s.t];
|              enum { j = false, k = true, l = false * true, m = true * 256 };
|              /* The following fails for
|                 HP aC++/ANSI C B3910B A.05.55 [Dec 04 2003]. */
|              _Bool n[m];
|              char o[sizeof n == m * sizeof n[0] ? 1 : -1];
|              char p[-1 - (_Bool) 0 < 0 && -1 - (bool) 0 < 0 ? 1 : -1];
|              /* Catch a bug in an HP-UX C compiler.  See
|                 http://gcc.gnu.org/ml/gcc-patches/2003-12/msg02303.html
|                 http://lists.gnu.org/archive/html/bug-coreutils/2005-11/msg00161.html
|               */
|              _Bool q = true;
|              _Bool *pq = &q;
| 
| int
| main ()
| {
| 
|              bool e = &s;
|              *pq |= q;
|              *pq |= ! q;
|              /* Refer to every declared value, to avoid compiler optimizations.  */
|              return (!a + !b + !c + !d + !e + !f + !g + !h + !i + !!j + !k + !!l
|                      + !m + !n + !o + !p + !q + !pq);
| 
|   ;
|   return 0;
| }
configure:5460: result: no
configure:5462: checking for _Bool
configure:5462: g++ -c -g -O2  conftest.cpp >&5
conftest.cpp: In function 'int main()':
conftest.cpp:67:13: error: '_Bool' was not declared in this scope
   67 | if (sizeof (_Bool))
      |             ^~~~~
configure:5462: $? = 1
configure: failed program was:
| /* confdefs.h */
| #define PACKAGE_NAME "Verus"
| #define PACKAGE_TARNAME "verus"
| #define PACKAGE_VERSION "1.0"
| #define PACKAGE_STRING "Verus 1.0"
| #define PACKAGE_BUGREPORT "yasir.zaki@nyu.edu"
| #define PACKAGE_URL ""
| #define PACKAGE "verus"
| #define VERSION "1.0"
| #define HAVE_BOOST /**/
| #define HAVE_BOOST_SYSTEM /**/
| #define HAVE_LIBPTHREAD 1
| #define STDC_HEADERS 1
| #define HAVE_SYS_TYPES_H 1
| #define HAVE_SYS_STAT_H 1
| #define HAVE_STDLIB_H 1
| #define HAVE_STRING_H 1
| #define HAVE_MEMORY_H 1
| #define HAVE_STRINGS_H 1
| #define HAVE_INTTYPES_H 1
| #define HAVE_STDINT_H 1
| #define HAVE_UNISTD_H 1
| #define HAVE_ARPA_INET_H 1
| #define HAVE_NETINET_IN_H 1
| #define HAVE_STDLIB_H 1
| #define HAVE_STRING_H 1
| #define HAVE_SYS_SOCKET_H 1
| #define HAVE_SYS_TIME_H 1
| #define HAVE_UNISTD_H 1
| /* end confdefs.h.  */
| #include <stdio.h>
| #ifdef HAVE_SYS_TYPES_H
| # include <sys/types.h>
| #endif
| #ifdef HAVE_SYS_STAT_H
| # include <sys/stat.h>
| #endif
| #ifdef STDC_HEADERS
| # include <stdlib.h>
| # include <stddef.h>
| #else
| # ifdef HAVE_STDLIB_H
| #  include <stdlib.h>
| # endif
| #endif
| #ifdef HAVE_STRING_H
| # if !defined STDC_HEADERS && defined HAVE_MEMORY_H
| #  include <memory.h>
| # endif
| # include <string.h>
| #endif
| #ifdef HAVE_STRINGS_H
| # include <strings.h>
| #endif
| #ifdef HAVE_INTTYPES_H
| # include <inttypes.h>
| #endif
| #ifdef HAVE_STDINT_H
| # include <stdint.h>
| #endif
| #ifdef HAVE_UNISTD_H
| # include <unistd.h>
| #endif
| int
| main ()
| {
| if (sizeof (_Bool))
| 	 return 0;
|   ;
|   return 0;
| }
configure:5462: result: no
configure:5477: checking for stdlib.h
configure:5477: result: yes
configure:5487: checking for GNU libc compatible malloc
configure:5511: g++ -o conftest -g -O2   conftest.cpp -lpthread  >&5
configure:5511: $? = 0
configure:5511: ./conftest
configure:5511: $? = 0
configure:5521: result: yes
configure:5544: checking for stdlib.h
configure:5544: result: yes
configure:5554: checking for GNU libc compatible realloc
configure:5578: g++ -o conftest -g -O2   conftest.cpp -lpthread  >&5
configure:5578: $? = 0
configure:5578: ./conftest
configure:5578: $? = 0
configure:5588: result: yes
configure:5612: checking for gettimeofday
configure:5612: g++ -o conftest -g -O2   conftest.cpp -lpthread  >&5
configure:5612: $? = 0
configure:5612: result: yes
configure:5612: checking for memset
configure:5612: g++ -o conftest -g -O2   conftest.cpp -lpthread  >&5
conftest.cpp:59:6: warning: declaration of 'char memset()' conflicts with built-in declaration 'void* memset(void*, int, long unsigned int)' [-Wbuiltin-declaration-mismatch]
   59 | char memset ();
      |      ^~~~~~
configure:5612: $? = 0
configure:5612: result: yes
configure:5612: checking for socket
configure:5612: g++ -o conftest -g -O2   conftest.cpp -lpthread  >&5
configure:5612: $? = 0
configure:5612: result: yes
configure:5612: checking for strerror
configure:5612: g++ -o conftest -g -O2   conftest.cpp -lpthread  >&5
configure:5612: $? = 0
configure:5612: result: yes
configure:5726: checking that generated files are newer than configure
configure:5732: result: done
configure:5763: creating ./config.status

## ---------------------- ##
## Running config.status. ##
## ---------------------- ##

This file was extended by Verus config.status 1.0, which was
generated by GNU Autoconf 2.69.  Invocation command line was

  CONFIG_FILES    = 
  CONFIG_HEADERS  = 
  CONFIG_LINKS    = 
  CONFIG_COMMANDS = 
  $ ./config.status 

on aduae350-lap

config.status:887: creating Makefile
config.status:887: creating src/Makefile
config.status:887: creating config.h
config.status:1068: config.h is unchanged
config.status:1116: executing depfiles commands
config.status:1193: cd src       && sed -e '/# am--include-marker/d' Makefile         | make -f - am--depfiles
make: Nothing to be done for 'am--depfiles'.
config.status:1198: $? = 0

## ---------------- ##
## Cache variables. ##
## ---------------- ##

ac_cv_build=x86_64-pc-linux-gnu
ac_cv_c_compiler_gnu=yes
ac_cv_cxx_compiler_gnu=yes
ac_cv_env_CCC_set=
ac_cv_env_CCC_value=
ac_cv_env_CC_set=
ac_cv_env_CC_value=
ac_cv_env_CFLAGS_set=
ac_cv_env_CFLAGS_value=
ac_cv_env_CPPFLAGS_set=
ac_cv_env_CPPFLAGS_value=
ac_cv_env_CXXCPP_set=
ac_cv_env_CXXCPP_value=
ac_cv_env_CXXFLAGS_set=
ac_cv_env_CXXFLAGS_value=
ac_cv_env_CXX_set=
ac_cv_env_CXX_value=
ac_cv_env_LDFLAGS_set=
ac_cv_env_LDFLAGS_value=
ac_cv_env_LIBS_set=
ac_cv_env_LIBS_value=
ac_cv_env_build_alias_set=
ac_cv_env_build_alias_value=
ac_cv_env_host_alias_set=
ac_cv_env_host_alias_value=
ac_cv_env_target_alias_set=
ac_cv_env_target_alias_value=
ac_cv_func_gettimeofday=yes
ac_cv_func_malloc_0_nonnull=yes
ac_cv_func_memset=yes
ac_cv_func_realloc_0_nonnull=yes
ac_cv_func_socket=yes
ac_cv_func_strerror=yes
ac_cv_header_arpa_inet_h=yes
ac_cv_header_inttypes_h=yes
ac_cv_header_memory_h=yes
ac_cv_header_netinet_in_h=yes
ac_cv_header_stdbool_h=no
ac_cv_header_stdc=yes
ac_cv_header_stdint_h=yes
ac_cv_header_stdlib_h=yes
ac_cv_header_string_h=yes
ac_cv_header_strings_h=yes
ac_cv_header_sys_socket_h=yes
ac_cv_header_sys_stat_h=yes
ac_cv_header_sys_time_h=yes
ac_cv_header_sys_types_h=yes
ac_cv_header_unistd_h=yes
ac_cv_host=x86_64-pc-linux-gnu
ac_cv_lib_boost_system___exit=yes
ac_cv_lib_pthread_pthread_mutex_init=yes
ac_cv_objext=o
ac_cv_path_EGREP='/bin/grep -E'
ac_cv_path_GREP=/bin/grep
ac_cv_path_install='/usr/bin/install -c'
ac_cv_path_mkdir=/bin/mkdir
ac_cv_prog_AWK=gawk
ac_cv_prog_CXXCPP='g++ -E'
ac_cv_prog_ac_ct_CC=gcc
ac_cv_prog_ac_ct_CXX=g++
ac_cv_prog_cc_c89=
ac_cv_prog_cc_g=yes
ac_cv_prog_cxx_g=yes
ac_cv_prog_make_make_set=yes
ac_cv_type__Bool=no
am_cv_CC_dependencies_compiler_type=gcc3
am_cv_CXX_dependencies_compiler_type=gcc3
am_cv_make_support_nested_variables=yes
am_cv_prog_cc_c_o=yes
ax_cv_boost_system=yes

## ----------------- ##
## Output variables. ##
## ----------------- ##

ACLOCAL='${SHELL} /home/cuda/Desktop/ALCC/Applications/verus/build-aux/missing aclocal-1.16'
AMDEPBACKSLASH='\'
AMDEP_FALSE='#'
AMDEP_TRUE=''
AMTAR='$${TAR-tar}'
AM_BACKSLASH='\'
AM_DEFAULT_V='$(AM_DEFAULT_VERBOSITY)'
AM_DEFAULT_VERBOSITY='1'
AM_V='$(V)'
AUTOCONF='${SHELL} /home/cuda/Desktop/ALCC/Applications/verus/build-aux/missing autoconf'
AUTOHEADER='${SHELL} /home/cuda/Desktop/ALCC/Applications/verus/build-aux/missing autoheader'
AUTOMAKE='${SHELL} /home/cuda/Desktop/ALCC/Applications/verus/build-aux/missing automake-1.16'
AWK='gawk'
BOOST_CPPFLAGS='-I/usr/include'
BOOST_LDFLAGS='-L/usr/lib/x86_64-linux-gnu'
BOOST_SYSTEM_LIB='-lboost_system'
BUILD_OS_IS_DARWIN_FALSE=''
BUILD_OS_IS_DARWIN_TRUE='#'
CC='gcc'
CCDEPMODE='depmode=gcc3'
CFLAGS='-g -O2'
CPPFLAGS=''
CXX='g++'
CXXCPP='g++ -E'
CXXDEPMODE='depmode=gcc3'
CXXFLAGS='-g -O2'
CYGPATH_W='echo'
DEFS='-DHAVE_CONFIG_H'
DEPDIR='.deps'
ECHO_C=''
ECHO_N='-n'
ECHO_T=''
EGREP='/bin/grep -E'
EXEEXT=''
GREP='/bin/grep'
INSTALL_DATA='${INSTALL} -m 644'
INSTALL_PROGRAM='${INSTALL}'
INSTALL_SCRIPT='${INSTALL}'
INSTALL_STRIP_PROGRAM='$(install_sh) -c -s'
LDFLAGS=''
LIBOBJS=''
LIBS='-lpthread '
LTLIBOBJS=''
MAKEINFO='${SHELL} /home/cuda/Desktop/ALCC/Applications/verus/build-aux/missing makeinfo'
MKDIR_P='/bin/mkdir -p'
OBJEXT='o'
PACKAGE='verus'
PACKAGE_BUGREPORT='yasir.zaki@nyu.edu'
PACKAGE_NAME='Verus'
PACKAGE_STRING='Verus 1.0'
PACKAGE_TARNAME='verus'
PACKAGE_URL=''
PACKAGE_VERSION='1.0'
PATH_SEPARATOR=':'
SET_MAKE=''
SHELL='/bin/bash'
STRIP=''
VERSION='1.0'
ac_ct_CC='gcc'
ac_ct_CXX='g++'
am__EXEEXT_FALSE=''
am__EXEEXT_TRUE='#'
am__fastdepCC_FALSE='#'
am__fastdepCC_TRUE=''
am__fastdepCXX_FALSE='#'
am__fastdepCXX_TRUE=''
am__include='include'
am__isrc=''
am__leading_dot='.'
am__nodep='_no'
am__quote=''
am__tar='$${TAR-tar} chof - "$$tardir"'
am__untar='$${TAR-tar} xf -'
bindir='${exec_prefix}/bin'
build='x86_64-pc-linux-gnu'
build_alias=''
build_cpu='x86_64'
build_os='linux'
build_vendor='pc'
datadir='${datarootdir}'
datarootdir='${prefix}/share'
docdir='${datarootdir}/doc/${PACKAGE_TARNAME}'
dvidir='${docdir}'
exec_prefix='${prefix}'
host='x86_64-pc-linux-gnu'
host_alias=''
host_cpu='x86_64'
host_os='linux-gnu'
host_vendor='pc'
htmldir='${docdir}'
includedir='${prefix}/include'
infodir='${datarootdir}/info'
install_sh='${SHELL} /home/cuda/Desktop/ALCC/Applications/verus/build-aux/install-sh'
libdir='${exec_prefix}/lib'
libexecdir='${exec_prefix}/libexec'
localedir='${datarootdir}/locale'
localstatedir='${prefix}/var'
mandir='${datarootdir}/man'
mkdir_p='$(MKDIR_P)'
oldincludedir='/usr/include'
pdfdir='${docdir}'
prefix='/usr/local'
program_transform_name='s,x,x,'
psdir='${docdir}'
runstatedir='${localstatedir}/run'
sbindir='${exec_prefix}/sbin'
sharedstatedir='${prefix}/com'
sysconfdir='${prefix}/etc'
target_alias=''

## ----------- ##
## confdefs.h. ##
## ----------- ##

/* confdefs.h */
#define PACKAGE_NAME "Verus"
#define PACKAGE_TARNAME "verus"
#define PACKAGE_VERSION "1.0"
#define PACKAGE_STRING "Verus 1.0"
#define PACKAGE_BUGREPORT "yasir.zaki@nyu.edu"
#define PACKAGE_URL ""
#define PACKAGE "verus"
#define VERSION "1.0"
#define HAVE_BOOST /**/
#define HAVE_BOOST_SYSTEM /**/
#define HAVE_LIBPTHREAD 1
#define STDC_HEADERS 1
#define HAVE_SYS_TYPES_H 1
#define HAVE_SYS_STAT_H 1
#define HAVE_STDLIB_H 1
#define HAVE_STRING_H 1
#define HAVE_MEMORY_H 1
#define HAVE_STRINGS_H 1
#define HAVE_INTTYPES_H 1
#define HAVE_STDINT_H 1
#define HAVE_UNISTD_H 1
#define HAVE_ARPA_INET_H 1
#define HAVE_NETINET_IN_H 1
#define HAVE_STDLIB_H 1
#define HAVE_STRING_H 1
#define HAVE_SYS_SOCKET_H 1
#define HAVE_SYS_TIME_H 1
#define HAVE_UNISTD_H 1
#define HAVE_STDLIB_H 1
#define HAVE_MALLOC 1
#define HAVE_STDLIB_H 1
#define HAVE_REALLOC 1
#define HAVE_GETTIMEOFDAY 1
#define HAVE_MEMSET 1
#define HAVE_SOCKET 1
#define HAVE_STRERROR 1

configure: exit 0

## ---------------------- ##
## Running config.status. ##
## ---------------------- ##

This file was extended by Verus config.status 1.0, which was
generated by GNU Autoconf 2.69.  Invocation command line was

  CONFIG_FILES    = 
  CONFIG_HEADERS  = 
  CONFIG_LINKS    = 
  CONFIG_COMMANDS = 
  $ ./config.status src/Makefile depfiles

on aduae350-lap

config.status:887: creating src/Makefile
config.status:1116: executing depfiles commands
config.status:1193: cd src       && sed -e '/# am--include-marker/d' Makefile         | make -f - am--depfiles
make[3]: Entering directory '/home/cuda/Desktop/ALCC/Applications/verus/src'
make[3]: Nothing to be done for 'am--depfiles'.
make[3]: Leaving directory '/home/cuda/Desktop/ALCC/Applications/verus/src'
config.status:1198: $? = 0

## ---------------------- ##
## Running config.status. ##
## ---------------------- ##

This file was extended by Verus config.status 1.0, which was
generated by GNU Autoconf 2.69.  Invocation command line was

  CONFIG_FILES    = 
  CONFIG_HEADERS  = 
  CONFIG_LINKS    = 
  CONFIG_COMMANDS = 
  $ ./config.status src/Makefile depfiles

on aduae350-lap

config.status:887: creating src/Makefile
config.status:1116: executing depfiles commands
config.status:1193: cd src       && sed -e '/# am--include-marker/d' Makefile         | make -f - am--depfiles
make[3]: Entering directory '/home/cuda/Desktop/ALCC/Applications/verus/src'
make[3]: Nothing to be done for 'am--depfiles'.
make[3]: Leaving directory '/home/cuda/Desktop/ALCC/Applications/verus/src'
config.status:1198: $? = 0

## ---------------------- ##
## Running config.status. ##
## ---------------------- ##

This file was extended by Verus config.status 1.0, which was
generated by GNU Autoconf 2.69.  Invocation command line was

  CONFIG_FILES    = 
  CONFIG_HEADERS  = 
  CONFIG_LINKS    = 
  CONFIG_COMMANDS = 
  $ ./config.status src/Makefile depfiles

on aduae350-lap

config.status:887: creating src/Makefile
config.status:1116: executing depfiles commands
config.status:1193: cd src       && sed -e '/# am--include-marker/d' Makefile         | make -f - am--depfiles
make[3]: Entering directory '/home/cuda/Desktop/ALCC/Applications/verus/src'
make[3]: Nothing to be done for 'am--depfiles'.
make[3]: Leaving directory '/home/cuda/Desktop/ALCC/Applications/verus/src'
config.status:1198: $? = 0

## ---------------------- ##
## Running config.status. ##
## ---------------------- ##

This file was extended by Verus config.status 1.0, which was
generated by GNU Autoconf 2.69.  Invocation command line was

  CONFIG_FILES    = 
  CONFIG_HEADERS  = 
  CONFIG_LINKS    = 
  CONFIG_COMMANDS = 
  $ ./config.status src/Makefile depfiles

on aduae350-lap

config.status:887: creating src/Makefile
config.status:1116: executing depfiles commands
config.status:1193: cd src       && sed -e '/# am--include-marker/d' Makefile         | make -f - am--depfiles
make[3]: Entering directory '/home/cuda/Desktop/ALCC/Applications/verus/src'
make[3]: Nothing to be done for 'am--depfiles'.
make[3]: Leaving directory '/home/cuda/Desktop/ALCC/Applications/verus/src'
config.status:1198: $? = 0

## ---------------------- ##
## Running config.status. ##
## ---------------------- ##

This file was extended by Verus config.status 1.0, which was
generated by GNU Autoconf 2.69.  Invocation command line was

  CONFIG_FILES    = 
  CONFIG_HEADERS  = 
  CONFIG_LINKS    = 
  CONFIG_COMMANDS = 
  $ ./config.status src/Makefile depfiles

on aduae350-lap

config.status:887: creating src/Makefile
config.status:1116: executing depfiles commands
config.status:1193: cd src       && sed -e '/# am--include-marker/d' Makefile         | make -f - am--depfiles
make[3]: Entering directory '/home/cuda/Desktop/ALCC/Applications/verus/src'
make[3]: Nothing to be done for 'am--depfiles'.
make[3]: Leaving directory '/home/cuda/Desktop/ALCC/Applications/verus/src'
config.status:1198: $? = 0

## ---------------------- ##
## Running config.status. ##
## ---------------------- ##

This file was extended by Verus config.status 1.0, which was
generated by GNU Autoconf 2.69.  Invocation command line was

  CONFIG_FILES    = 
  CONFIG_HEADERS  = 
  CONFIG_LINKS    = 
  CONFIG_COMMANDS = 
  $ ./config.status src/Makefile depfiles

on aduae350-lap

config.status:887: creating src/Makefile
config.status:1116: executing depfiles commands
config.status:1193: cd src       && sed -e '/# am--include-marker/d' Makefile         | make -f - am--depfiles
make[3]: Entering directory '/home/cuda/Desktop/ALCC/Applications/verus/src'
make[3]: Nothing to be done for 'am--depfiles'.
make[3]: Leaving directory '/home/cuda/Desktop/ALCC/Applications/verus/src'
config.status:1198: $? = 0

## ---------------------- ##
## Running config.status. ##
## ---------------------- ##

This file was extended by Verus config.status 1.0, which was
generated by GNU Autoconf 2.69.  Invocation command line was

  CONFIG_FILES    = 
  CONFIG_HEADERS  = 
  CONFIG_LINKS    = 
  CONFIG_COMMANDS = 
  $ ./config.status src/Makefile depfiles

on aduae350-lap

config.status:887: creating src/Makefile
config.status:1116: executing depfiles commands
config.status:1193: cd src       && sed -e '/# am--include-marker/d' Makefile         | make -f - am--depfiles
make[3]: Entering directory '/home/cuda/Desktop/ALCC/Applications/verus/src'
make[3]: Nothing to be done for 'am--depfiles'.
make[3]: Leaving directory '/home/cuda/Desktop/ALCC/Applications/verus/src'
config.status:1198: $? = 0

## ---------------------- ##
## Running config.status. ##
## ---------------------- ##

This file was extended by Verus config.status 1.0, which was
generated by GNU Autoconf 2.69.  Invocation command line was

  CONFIG_FILES    = 
  CONFIG_HEADERS  = 
  CONFIG_LINKS    = 
  CONFIG_COMMANDS = 
  $ ./config.status src/Makefile depfiles

on aduae350-lap

config.status:887: creating src/Makefile
config.status:1116: executing depfiles commands
config.status:1193: cd src       && sed -e '/# am--include-marker/d' Makefile         | make -f - am--depfiles
make[2]: Entering directory '/home/cuda/Desktop/ALCC/Applications/verus/src'
make[2]: Nothing to be done for 'am--depfiles'.
make[2]: Leaving directory '/home/cuda/Desktop/ALCC/Applications/verus/src'
config.status:1198: $? = 0

## ---------------------- ##
## Running config.status. ##
## ---------------------- ##

This file was extended by Verus config.status 1.0, which was
generated by GNU Autoconf 2.69.  Invocation command line was

  CONFIG_FILES    = 
  CONFIG_HEADERS  = 
  CONFIG_LINKS    = 
  CONFIG_COMMANDS = 
  $ ./config.status src/Makefile depfiles

on aduae350-lap

config.status:887: creating src/Makefile
config.status:1116: executing depfiles commands
config.status:1193: cd src       && sed -e '/# am--include-marker/d' Makefile         | make -f - am--depfiles
make[3]: Entering directory '/home/cuda/Desktop/ALCC/Applications/verus/src'
make[3]: Nothing to be done for 'am--depfiles'.
make[3]: Leaving directory '/home/cuda/Desktop/ALCC/Applications/verus/src'
config.status:1198: $? = 0

## ---------------------- ##
## Running config.status. ##
## ---------------------- ##

This file was extended by Verus config.status 1.0, which was
generated by GNU Autoconf 2.69.  Invocation command line was

  CONFIG_FILES    = 
  CONFIG_HEADERS  = 
  CONFIG_LINKS    = 
  CONFIG_COMMANDS = 
  $ ./config.status src/Makefile depfiles

on aduae350-lap

config.status:887: creating src/Makefile
config.status:1116: executing depfiles commands
config.status:1193: cd src       && sed -e '/# am--include-marker/d' Makefile         | make -f - am--depfiles
make[3]: Entering directory '/home/cuda/Desktop/ALCC/Applications/verus/src'
make[3]: Nothing to be done for 'am--depfiles'.
make[3]: Leaving directory '/home/cuda/Desktop/ALCC/Applications/verus/src'
config.status:1198: $? = 0
